<?xml version="1.0" encoding="UTF-8"?>
<!-- Generated by org.testng.reporters.JUnitReportReporter -->
<testsuite hostname="Feuji-V025L-R" failures="0" tests="4" name="seleniumDemo.practice" time="39.552" errors="0" timestamp="07 Feb 2024 13:28:23 GMT" skipped="0">
  <testcase classname="seleniumDemo.practice" name="SuaceLabs" time="2.111"/>
  <testcase classname="seleniumDemo.practice" name="LabsShopping" time="4.798"/>
  <testcase classname="seleniumDemo.practice" name="CustomerDetails" time="4.296"/>
  <testcase classname="seleniumDemo.practice" name="ScrollInfo" time="28.347"/>
</testsuite> <!-- seleniumDemo.practice -->
