<?xml version="1.0" encoding="UTF-8"?>
<!-- Generated by org.testng.reporters.JUnitReportReporter -->
<testsuite hostname="Feuji-V025L-R" failures="0" tests="1" name="AlertDemo.alertPractice" time="18.541" errors="0" timestamp="08 Feb 2024 09:08:22 GMT" skipped="0">
  <testcase classname="AlertDemo.alertPractice" name="HandleAlerts" time="18.541"/>
</testsuite> <!-- AlertDemo.alertPractice -->
